<?xml version="1.0" encoding="UTF-8"?>
<testsuite xmlns:xsi="http://www.w3.org/2001/XMLSchema-instance" xsi:noNamespaceSchemaLocation="https://maven.apache.org/surefire/maven-surefire-plugin/xsd/surefire-test-report.xsd" name="com.linxb.CommunityApplicationTests" time="3.476" tests="9" errors="0" skipped="0" failures="0">
  <properties>
[...]
</properties>
  <testcase name="selectByIdTest" classname="com.linxb.CommunityApplicationTests" time="0.605"/>
  <testcase name="setDiscussPostMapperTest" classname="com.linxb.CommunityApplicationTests" time="0.065"/>
  <testcase name="updateStatusTest" classname="com.linxb.CommunityApplicationTests" time="0.001"/>
  <testcase name="updatePasswordTest" classname="com.linxb.CommunityApplicationTests" time="0.009"/>
  <testcase name="testSelectLoginTicket" classname="com.linxb.CommunityApplicationTests" time="0.01"/>
  <testcase name="updateHeaderTest" classname="com.linxb.CommunityApplicationTests" time="0.012"/>
  <testcase name="insertUserTest" classname="com.linxb.CommunityApplicationTests" time="0.013"/>
  <testcase name="contextLoads" classname="com.linxb.CommunityApplicationTests" time="0.004"/>
  <testcase name="testInsertLoginTicket" classname="com.linxb.CommunityApplicationTests" time="0.007"/>
</testsuite>