<?xml version="1.0" encoding="UTF-8"?>
<testsuite xmlns:xsi="http://www.w3.org/2001/XMLSchema-instance" xsi:noNamespaceSchemaLocation="https://maven.apache.org/surefire/maven-surefire-plugin/xsd/surefire-test-report.xsd" name="com.linxb.CommunityApplicationTests" time="7.01" tests="10" errors="1" skipped="0" failures="0">
  <properties>
[...]
</properties>
  <testcase name="testInsertComment" classname="com.linxb.CommunityApplicationTests" time="0.376"/>
  <testcase name="setDiscussPostMapperTest" classname="com.linxb.CommunityApplicationTests" time="0.068"/>
  <testcase name="updateStatusTest" classname="com.linxb.CommunityApplicationTests" time="0.001"/>
  <testcase name="testSelectMessage" classname="com.linxb.CommunityApplicationTests" time="0.005"/>
  <testcase name="updatePasswordTest" classname="com.linxb.CommunityApplicationTests" time="0.007"/>
  <testcase name="testComment" classname="com.linxb.CommunityApplicationTests" time="0.007"/>
  <testcase name="updateHeaderTest" classname="com.linxb.CommunityApplicationTests" time="0.007"/>
  <testcase name="contextLoads" classname="com.linxb.CommunityApplicationTests" time="0.004"/>
  <testcase name="testInsertLoginTicket" classname="com.linxb.CommunityApplicationTests" time="0.01"/>
  <testcase name="testStrings" classname="com.linxb.CommunityApplicationTests" time="3.12">
    <error message="Unable to connect to Redis; nested exception is io.lettuce.core.RedisConnectionException: Unable to connect to 127.0.0.1:6379" type="org.springframework.data.redis.RedisConnectionFailureException">org.springframework.data.redis.RedisConnectionFailureException: Unable to connect to Redis; nested exception is io.lettuce.core.RedisConnectionException: Unable to connect to 127.0.0.1:6379
	at com.linxb.CommunityApplicationTests.testStrings(CommunityApplicationTests.java:146)
Caused by: io.lettuce.core.RedisConnectionException: Unable to connect to 127.0.0.1:6379
	at com.linxb.CommunityApplicationTests.testStrings(CommunityApplicationTests.java:146)
Caused by: io.netty.channel.AbstractChannel$AnnotatedConnectException: Connection refused: no further information: /127.0.0.1:6379
Caused by: java.net.ConnectException: Connection refused: no further information
</error>
  </testcase>
</testsuite>